[    0.000000] Initializing cgroup subsys cpuset
[    0.000000] Initializing cgroup subsys cpu
[    0.000000] Initializing cgroup subsys cpuacct
[    0.000000] Linux version 4.4.0-186-generic (buildd@lcy01-amd64-002) (gcc version 5.4.0 20160609 (Ubuntu 5.4.0-6ubuntu1~16.04.12) ) #216-Ubuntu SMP Wed Jul 1 05:34:05 UTC 2020 (Ubuntu 4.4.0-186.216-generic 4.4.228)
[    0.000000] Command line: BOOT_IMAGE=/boot/vmlinuz-4.4.0-186-generic root=LABEL=cloudimg-rootfs ro console=tty1 console=ttyS0
[    0.000000] KERNEL supported cpus:
[    0.000000]   Intel GenuineIntel
[    0.000000]   AMD AuthenticAMD
[    0.000000]   Centaur CentaurHauls
[    0.000000] x86/fpu: xstate_offset[2]:  576, xstate_sizes[2]:  256
[    0.000000] x86/fpu: Supporting XSAVE feature 0x01: 'x87 floating point registers'
[    0.000000] x86/fpu: Supporting XSAVE feature 0x02: 'SSE registers'
[    0.000000] x86/fpu: Supporting XSAVE feature 0x04: 'AVX registers'
[    0.000000] x86/fpu: Enabled xstate features 0x7, context size is 832 bytes, using 'standard' format.
[    0.000000] e820: BIOS-provided physical RAM map:
[    0.000000] BIOS-e820: [mem 0x0000000000000000-0x000000000009fbff] usable
[    0.000000] BIOS-e820: [mem 0x000000000009fc00-0x000000000009ffff] reserved
[    0.000000] BIOS-e820: [mem 0x00000000000f0000-0x00000000000fffff] reserved
[    0.000000] BIOS-e820: [mem 0x0000000000100000-0x000000003ffeffff] usable
[    0.000000] BIOS-e820: [mem 0x000000003fff0000-0x000000003fffffff] ACPI data
[    0.000000] BIOS-e820: [mem 0x00000000fec00000-0x00000000fec00fff] reserved
[    0.000000] BIOS-e820: [mem 0x00000000fee00000-0x00000000fee00fff] reserved
[    0.000000] BIOS-e820: [mem 0x00000000fffc0000-0x00000000ffffffff] reserved
[    0.000000] NX (Execute Disable) protection: active
[    0.000000] SMBIOS 2.5 present.
[    0.000000] Hypervisor detected: KVM
[    0.000000] e820: last_pfn = 0x3fff0 max_arch_pfn = 0x400000000
[    0.000000] MTRR: Disabled
[    0.000000] x86/PAT: MTRRs disabled, skipping PAT initialization too.
[    0.000000] CPU MTRRs all blank - virtualized system.
[    0.000000] x86/PAT: Configuration [0-7]: WB  WT  UC- UC  WB  WT  UC- UC  
[    0.000000] found SMP MP-table at [mem 0x0009fff0-0x0009ffff] mapped at [ffff88000009fff0]
[    0.000000] Scanning 1 areas for low memory corruption
[    0.000000] RAMDISK: [mem 0x361ca000-0x370dcfff]
[    0.000000] ACPI: Early table checksum verification disabled
[    0.000000] ACPI: RSDP 0x00000000000E0000 000024 (v02 VBOX  )
[    0.000000] ACPI: XSDT 0x000000003FFF0030 00003C (v01 VBOX   VBOXXSDT 00000001 ASL  00000061)
[    0.000000] ACPI: FACP 0x000000003FFF00F0 0000F4 (v04 VBOX   VBOXFACP 00000001 ASL  00000061)
[    0.000000] ACPI: DSDT 0x000000003FFF0470 002325 (v02 VBOX   VBOXBIOS 00000002 INTL 20100528)
[    0.000000] ACPI: FACS 0x000000003FFF0200 000040
[    0.000000] ACPI: FACS 0x000000003FFF0200 000040
[    0.000000] ACPI: APIC 0x000000003FFF0240 00005C (v02 VBOX   VBOXAPIC 00000001 ASL  00000061)
[    0.000000] ACPI: SSDT 0x000000003FFF02A0 0001CC (v01 VBOX   VBOXCPUT 00000002 INTL 20100528)
[    0.000000] No NUMA configuration found
[    0.000000] Faking a node at [mem 0x0000000000000000-0x000000003ffeffff]
[    0.000000] NODE_DATA(0) allocated [mem 0x3ffeb000-0x3ffeffff]
[    0.000000] kvm-clock: Using msrs 4b564d01 and 4b564d00
[    0.000000] kvm-clock: cpu 0, msr 0:3ffe3001, primary cpu clock
[    0.000000] kvm-clock: using sched offset of 4737317245 cycles
[    0.000000] clocksource: kvm-clock: mask: 0xffffffffffffffff max_cycles: 0x1cd42e4dffb, max_idle_ns: 881590591483 ns
[    0.000000] Zone ranges:
[    0.000000]   DMA      [mem 0x0000000000001000-0x0000000000ffffff]
[    0.000000]   DMA32    [mem 0x0000000001000000-0x000000003ffeffff]
[    0.000000]   Normal   empty
[    0.000000]   Device   empty
[    0.000000] Movable zone start for each node
[    0.000000] Early memory node ranges
[    0.000000]   node   0: [mem 0x0000000000001000-0x000000000009efff]
[    0.000000]   node   0: [mem 0x0000000000100000-0x000000003ffeffff]
[    0.000000] Initmem setup node 0 [mem 0x0000000000001000-0x000000003ffeffff]
[    0.000000] ACPI: PM-Timer IO Port: 0x4008
[    0.000000] IOAPIC[0]: apic_id 2, version 32, address 0xfec00000, GSI 0-23
[    0.000000] ACPI: INT_SRC_OVR (bus 0 bus_irq 0 global_irq 2 dfl dfl)
[    0.000000] ACPI: INT_SRC_OVR (bus 0 bus_irq 9 global_irq 9 low level)
[    0.000000] Using ACPI (MADT) for SMP configuration information
[    0.000000] smpboot: Allowing 2 CPUs, 0 hotplug CPUs
[    0.000000] PM: Registered nosave memory: [mem 0x00000000-0x00000fff]
[    0.000000] PM: Registered nosave memory: [mem 0x0009f000-0x0009ffff]
[    0.000000] PM: Registered nosave memory: [mem 0x000a0000-0x000effff]
[    0.000000] PM: Registered nosave memory: [mem 0x000f0000-0x000fffff]
[    0.000000] e820: [mem 0x40000000-0xfebfffff] available for PCI devices
[    0.000000] Booting paravirtualized kernel on KVM
[    0.000000] clocksource: refined-jiffies: mask: 0xffffffff max_cycles: 0xffffffff, max_idle_ns: 7645519600211568 ns
[    0.000000] setup_percpu: NR_CPUS:512 nr_cpumask_bits:512 nr_cpu_ids:2 nr_node_ids:1
[    0.000000] PERCPU: Embedded 33 pages/cpu @ffff88003fc00000 s95512 r8192 d31464 u1048576
[    0.000000] Built 1 zonelists in Node order, mobility grouping on.  Total pages: 257912
[    0.000000] Policy zone: DMA32
[    0.000000] Kernel command line: BOOT_IMAGE=/boot/vmlinuz-4.4.0-186-generic root=LABEL=cloudimg-rootfs ro console=tty1 console=ttyS0
[    0.000000] PID hash table entries: 4096 (order: 3, 32768 bytes)
[    0.000000] Memory: 997108K/1048120K available (8636K kernel code, 1337K rwdata, 4040K rodata, 1492K init, 1296K bss, 51012K reserved, 0K cma-reserved)
[    0.000000] SLUB: HWalign=64, Order=0-3, MinObjects=0, CPUs=2, Nodes=1
[    0.000000] Kernel/User page tables isolation: enabled
[    0.000000] Hierarchical RCU implementation.
[    0.000000] 	Build-time adjustment of leaf fanout to 64.
[    0.000000] 	RCU restricting CPUs from NR_CPUS=512 to nr_cpu_ids=2.
[    0.000000] RCU: Adjusting geometry for rcu_fanout_leaf=64, nr_cpu_ids=2
[    0.000000] NR_IRQS:33024 nr_irqs:440 16
[    0.000000] Console: colour VGA+ 80x25
[    0.000000] console [tty1] enabled
[    0.000000] console [ttyS0] enabled
[    0.000000] tsc: Detected 1799.999 MHz processor
[    0.315207] Calibrating delay loop (skipped) preset value.. 3599.99 BogoMIPS (lpj=7199996)
[    0.318072] pid_max: default: 32768 minimum: 301
[    0.320532] ACPI: Core revision 20150930
[    0.323933] ACPI: 2 ACPI AML tables successfully acquired and loaded
[    0.328589] Security Framework initialized
[    0.330176] Yama: becoming mindful.
[    0.331457] AppArmor: AppArmor initialized
[    0.332725] Dentry cache hash table entries: 131072 (order: 8, 1048576 bytes)
[    0.336499] Inode-cache hash table entries: 65536 (order: 7, 524288 bytes)
[    0.338494] Mount-cache hash table entries: 2048 (order: 2, 16384 bytes)
[    0.340524] Mountpoint-cache hash table entries: 2048 (order: 2, 16384 bytes)
[    0.343682] Initializing cgroup subsys io
[    0.345411] Initializing cgroup subsys memory
[    0.346994] Initializing cgroup subsys devices
[    0.348297] Initializing cgroup subsys freezer
[    0.349558] Initializing cgroup subsys net_cls
[    0.350889] Initializing cgroup subsys perf_event
[    0.352888] Initializing cgroup subsys net_prio
[    0.354271] Initializing cgroup subsys hugetlb
[    0.355539] Initializing cgroup subsys pids
[    0.365463] mce: CPU supports 0 MCE banks
[    0.366984] Last level iTLB entries: 4KB 64, 2MB 8, 4MB 8
[    0.369750] Last level dTLB entries: 4KB 64, 2MB 0, 4MB 0, 1GB 4
[    0.371976] Spectre V1 : Mitigation: usercopy/swapgs barriers and __user pointer sanitization
[    0.376562] Spectre V2 : Mitigation: Full generic retpoline
[    0.378494] Spectre V2 : Spectre v2 / SpectreRSB mitigation: Filling RSB on context switch
[    0.381333] Speculative Store Bypass: Vulnerable
[    0.383006] SRBDS: Unknown: Dependent on hypervisor status
[    0.385316] MDS: Mitigation: Clear CPU buffers
[    0.389842] Freeing SMP alternatives memory: 36K
[    0.398935] ftrace: allocating 32334 entries in 127 pages
[    0.468699] smpboot: APIC(0) Converting physical 0 to logical package 0
[    0.470900] smpboot: Max logical packages: 1
[    0.473177] x2apic enabled
[    0.474394] Switched APIC routing to physical x2apic.
[    0.477437] ..TIMER: vector=0x30 apic1=0 pin1=2 apic2=-1 pin2=-1
[    0.587712] smpboot: CPU0: Intel(R) Core(TM) i5-5350U CPU @ 1.80GHz (family: 0x6, model: 0x3d, stepping: 0x4)
[    0.591216] Performance Events: unsupported p6 CPU model 61 no PMU driver, software events only.
[    0.606867] KVM setup paravirtual spinlock
[    0.609771] x86: Booting SMP configuration:
[    0.611167] .... node  #0, CPUs:      #1
[    0.612669] kvm-clock: cpu 1, msr 0:3ffe3041, secondary cpu clock
[    0.622630] mce: CPU supports 0 MCE banks
[    0.625856] x86: Booted up 1 node, 2 CPUs
[    0.627570] smpboot: Total of 2 processors activated (7199.99 BogoMIPS)
[    0.630141] devtmpfs: initialized
[    0.633194] evm: security.selinux
[    0.634379] evm: security.SMACK64
[    0.635643] evm: security.SMACK64EXEC
[    0.636897] evm: security.SMACK64TRANSMUTE
[    0.638150] evm: security.SMACK64MMAP
[    0.639432] evm: security.ima
[    0.643473] evm: security.capability
[    0.645847] clocksource: jiffies: mask: 0xffffffff max_cycles: 0xffffffff, max_idle_ns: 7645041785100000 ns
[    0.649463] futex hash table entries: 512 (order: 3, 32768 bytes)
[    0.651568] pinctrl core: initialized pinctrl subsystem
[    0.653384] RTC time:  9:54:48, date: 08/10/20
[    0.655108] NET: Registered protocol family 16
[    0.668291] cpuidle: using governor ladder
[    0.679967] cpuidle: using governor menu
[    0.681994] PCCT header not found.
[    0.683238] ACPI: bus type PCI registered
[    0.684499] acpiphp: ACPI Hot Plug PCI Controller Driver version: 0.5
[    0.686515] PCI: Using configuration type 1 for base access
[    0.701284] ACPI: Added _OSI(Module Device)
[    0.703101] ACPI: Added _OSI(Processor Device)
[    0.704423] ACPI: Added _OSI(3.0 _SCP Extensions)
[    0.706361] ACPI: Added _OSI(Processor Aggregator Device)
[    0.708841] ACPI: Executed 1 blocks of module-level executable AML code
[    0.713580] ACPI: Interpreter enabled
[    0.714775] ACPI: (supports S0 S5)
[    0.715865] ACPI: Using IOAPIC for interrupt routing
[    0.717420] PCI: Using host bridge windows from ACPI; if necessary, use "pci=nocrs" and report a bug
[    0.725794] ACPI: PCI Root Bridge [PCI0] (domain 0000 [bus 00-ff])
[    0.727822] acpi PNP0A03:00: _OSC: OS supports [ASPM ClockPM Segments MSI]
[    0.731222] acpi PNP0A03:00: _OSC: not requesting OS control; OS requires [ExtendedConfig ASPM ClockPM MSI]
[    0.734767] acpi PNP0A03:00: fail to add MMCONFIG information, can't access extended PCI configuration space under this bridge.
[    0.739054] PCI host bridge to bus 0000:00
[    0.740391] pci_bus 0000:00: root bus resource [io  0x0000-0x0cf7 window]
[    0.742306] pci_bus 0000:00: root bus resource [io  0x0d00-0xffff window]
[    0.744452] pci_bus 0000:00: root bus resource [mem 0x000a0000-0x000bffff window]
[    0.747624] pci_bus 0000:00: root bus resource [mem 0x40000000-0xfdffffff window]
[    0.750026] pci_bus 0000:00: root bus resource [bus 00-ff]
[    0.754942] pci 0000:00:01.1: legacy IDE quirk: reg 0x10: [io  0x01f0-0x01f7]
[    0.756980] pci 0000:00:01.1: legacy IDE quirk: reg 0x14: [io  0x03f6]
[    0.759099] pci 0000:00:01.1: legacy IDE quirk: reg 0x18: [io  0x0170-0x0177]
[    0.771725] pci 0000:00:01.1: legacy IDE quirk: reg 0x1c: [io  0x0376]
[    0.797059] pci 0000:00:07.0: quirk: [io  0x4000-0x403f] claimed by PIIX4 ACPI
[    0.800140] pci 0000:00:07.0: quirk: [io  0x4100-0x410f] claimed by PIIX4 SMB
[    0.811148] ACPI: PCI Interrupt Link [LNKA] (IRQs 5 9 10 *11)
[    0.813701] ACPI: PCI Interrupt Link [LNKB] (IRQs 5 9 *10 11)
[    0.815960] ACPI: PCI Interrupt Link [LNKC] (IRQs 5 *9 10 11)
[    0.818971] ACPI: PCI Interrupt Link [LNKD] (IRQs 5 9 10 *11)
[    0.821600] ACPI: Enabled 2 GPEs in block 00 to 07
[    0.823652] vgaarb: setting as boot device: PCI:0000:00:02.0
[    0.825755] vgaarb: device added: PCI:0000:00:02.0,decodes=io+mem,owns=io+mem,locks=none
[    0.828139] vgaarb: loaded
[    0.829076] vgaarb: bridge control possible 0000:00:02.0
[    0.831188] SCSI subsystem initialized
[    0.832646] ACPI: bus type USB registered
[    0.834070] usbcore: registered new interface driver usbfs
[    0.835767] usbcore: registered new interface driver hub
[    0.837502] usbcore: registered new device driver usb
[    0.839405] PCI: Using ACPI for IRQ routing
[    0.842985] NetLabel: Initializing
[    0.844165] NetLabel:  domain hash size = 128
[    0.845531] NetLabel:  protocols = UNLABELED CIPSOv4
[    0.847038] NetLabel:  unlabeled traffic allowed by default
[    0.848976] amd_nb: Cannot enumerate AMD northbridges
[    0.850993] clocksource: Switched to clocksource kvm-clock
[    0.861704] AppArmor: AppArmor Filesystem Enabled
[    0.863329] pnp: PnP ACPI init
[    0.866022] pnp: PnP ACPI: found 3 devices
[    0.879992] clocksource: acpi_pm: mask: 0xffffff max_cycles: 0xffffff, max_idle_ns: 2085701024 ns
[    0.882946] NET: Registered protocol family 2
[    0.884606] TCP established hash table entries: 8192 (order: 4, 65536 bytes)
[    0.886705] TCP bind hash table entries: 8192 (order: 5, 131072 bytes)
[    0.888587] TCP: Hash tables configured (established 8192 bind 8192)
[    0.890689] UDP hash table entries: 512 (order: 2, 16384 bytes)
[    0.892507] UDP-Lite hash table entries: 512 (order: 2, 16384 bytes)
[    0.894267] NET: Registered protocol family 1
[    0.895697] pci 0000:00:00.0: Limiting direct PCI/PCI transfers
[    0.898190] pci 0000:00:01.0: Activating ISA DMA hang workarounds
[    0.900559] Unpacking initramfs...
[    1.239951] Freeing initrd memory: 15436K
[    1.253317] RAPL PMU detected, API unit is 2^-32 Joules, 4 fixed counters 10737418240 ms ovfl timer
[    1.259472] hw unit of domain pp0-core 2^-0 Joules
[    1.265420] hw unit of domain package 2^-0 Joules
[    1.268562] hw unit of domain dram 2^-0 Joules
[    1.271718] hw unit of domain pp1-gpu 2^-0 Joules
[    1.274238] clocksource: tsc: mask: 0xffffffffffffffff max_cycles: 0x19f228ab7a2, max_idle_ns: 440795289252 ns
[    1.287301] platform rtc_cmos: registered platform RTC device (no PNP device found)
[    1.305154] Scanning for low memory corruption every 60 seconds
[    1.313086] audit: initializing netlink subsys (disabled)
[    1.323229] audit: type=2000 audit(1597053295.267:1): initialized
[    1.335865] Initialise system trusted keyring
[    1.339463] HugeTLB registered 2 MB page size, pre-allocated 0 pages
[    1.356683] zbud: loaded
[    1.361078] VFS: Disk quotas dquot_6.6.0
[    1.369369] VFS: Dquot-cache hash table entries: 512 (order 0, 4096 bytes)
[    1.379165] squashfs: version 4.0 (2009/01/31) Phillip Lougher
[    1.384206] fuse init (API version 7.23)
[    1.396708] Key type big_key registered
[    1.402042] Allocating IMA MOK and blacklist keyrings.
[    1.423587] Key type asymmetric registered
[    1.426014] Asymmetric key parser 'x509' registered
[    1.435703] Block layer SCSI generic (bsg) driver version 0.4 loaded (major 249)
[    1.446415] io scheduler noop registered
[    1.452165] io scheduler deadline registered (default)
[    1.455396] io scheduler cfq registered
[    1.459089] pci_hotplug: PCI Hot Plug PCI Core version: 0.5
[    1.466134] pciehp: PCI Express Hot Plug Controller Driver version: 0.4
[    1.474441] ACPI: AC Adapter [AC] (off-line)
[    1.481455] input: Power Button as /devices/LNXSYSTM:00/LNXPWRBN:00/input/input0
[    1.496193] ACPI: Power Button [PWRF]
[    1.501868] input: Sleep Button as /devices/LNXSYSTM:00/LNXSLPBN:00/input/input1
[    1.508060] ACPI: Sleep Button [SLPF]
[    1.510918] GHES: HEST is not enabled!
[    1.513964] ACPI: Battery Slot [BAT0] (battery present)
[    1.551094] Serial: 8250/16550 driver, 32 ports, IRQ sharing enabled
[    1.576467] 00:02: ttyS0 at I/O 0x3f8 (irq = 4, base_baud = 115200) is a 16550A
[    1.591598] Linux agpgart interface v0.103
[    1.601763] loop: module loaded
[    1.606281] scsi host0: ata_piix
[    1.607837] scsi host1: ata_piix
[    1.608965] ata1: PATA max UDMA/33 cmd 0x1f0 ctl 0x3f6 bmdma 0xd000 irq 14
[    1.617328] ata2: PATA max UDMA/33 cmd 0x170 ctl 0x376 bmdma 0xd008 irq 15
[    1.623101] libphy: Fixed MDIO Bus: probed
[    1.624641] tun: Universal TUN/TAP device driver, 1.6
[    1.626419] tun: (C) 1999-2004 Max Krasnyansky <maxk@qualcomm.com>
[    1.638562] PPP generic driver version 2.4.2
[    1.646759] ehci_hcd: USB 2.0 'Enhanced' Host Controller (EHCI) Driver
[    1.654475] ehci-pci: EHCI PCI platform driver
[    1.656689] ehci-platform: EHCI generic platform driver
[    1.658646] ohci_hcd: USB 1.1 'Open' Host Controller (OHCI) Driver
[    1.668576] ohci-pci: OHCI PCI platform driver
[    1.672964] ohci-platform: OHCI generic platform driver
[    1.674454] uhci_hcd: USB Universal Host Controller Interface driver
[    1.676937] i8042: PNP: PS/2 Controller [PNP0303:PS2K,PNP0f03:PS2M] at 0x60,0x64 irq 1,12
[    1.687574] serio: i8042 KBD port at 0x60,0x64 irq 1
[    1.689947] serio: i8042 AUX port at 0x60,0x64 irq 12
[    1.691980] mousedev: PS/2 mouse device common for all mice
[    1.694811] input: AT Translated Set 2 keyboard as /devices/platform/i8042/serio0/input/input2
[    1.700472] rtc_cmos rtc_cmos: rtc core: registered rtc_cmos as rtc0
[    1.700598] rtc_cmos rtc_cmos: alarms up to one day, 114 bytes nvram
[    1.700622] i2c /dev entries driver
[    1.700720] device-mapper: uevent: version 1.0.3
[    1.700818] device-mapper: ioctl: 4.34.0-ioctl (2015-10-28) initialised: dm-devel@redhat.com
[    1.700839] ledtrig-cpu: registered to indicate activity on CPUs
[    1.701530] NET: Registered protocol family 10
[    1.701768] NET: Registered protocol family 17
[    1.701791] Key type dns_resolver registered
[    1.702059] registered taskstats version 1
[    1.702077] Loading compiled-in X.509 certificates
[    1.702752] Loaded X.509 cert 'Build time autogenerated kernel key: cef5e81496c0efa51b848ab539e845ddf31c08be'
[    1.702778] zswap: loaded using pool lzo/zbud
[    1.705379] Key type trusted registered
[    1.709002] Key type encrypted registered
[    1.709009] AppArmor: AppArmor sha1 policy hashing enabled
[    1.709012] ima: No TPM chip found, activating TPM-bypass!
[    1.709019] ima: Allocated hash algorithm: sha1
[    1.709032] evm: HMAC attrs: 0x1
[    1.709401]   Magic number: 0:607:929
[    1.710915] rtc_cmos rtc_cmos: setting system clock to 2020-08-10 09:54:49 UTC (1597053289)
[    1.711074] BIOS EDD facility v0.16 2004-Jun-25, 0 devices found
[    1.711074] EDD information not available.
[    1.826071] Freeing unused kernel memory: 1492K
[    1.839724] Write protecting the kernel read-only data: 14336k
[    1.842321] Freeing unused kernel memory: 1592K
[    1.846318] Freeing unused kernel memory: 56K
Loading, please wait...
starting version[    1.874389] random: systemd-udevd: uninitialized urandom read (16 bytes read, 3 bits of entropy available)
 229
[    1.875305] random: udevadm: uninitialized urandom read (16 bytes read, 3 bits of entropy available)
[    1.875334] random: udevadm: uninitialized urandom read (16 bytes read, 3 bits of entropy available)
[    1.891636] random: udevadm: uninitialized urandom read (16 bytes read, 3 bits of entropy available)
[    1.891689] random: udevadm: uninitialized urandom read (16 bytes read, 3 bits of entropy available)
[    1.891840] random: udevadm: uninitialized urandom read (16 bytes read, 3 bits of entropy available)
[    1.891898] random: udevadm: uninitialized urandom read (16 bytes read, 3 bits of entropy available)
[    1.891956] random: udevadm: uninitialized urandom read (16 bytes read, 3 bits of entropy available)
[    1.892012] random: udevadm: uninitialized urandom read (16 bytes read, 3 bits of entropy available)
[    1.892066] random: udevadm: uninitialized urandom read (16 bytes read, 3 bits of entropy available)
[    2.020299] e1000: Intel(R) PRO/1000 Network Driver - version 7.3.21-k8-NAPI
[    2.039966] e1000: Copyright (c) 1999-2006 Intel Corporation.
[    2.042813] Fusion MPT base driver 3.04.20
[    2.044253] Copyright (c) 1999-2008 LSI Corporation
[    2.050402] Fusion MPT SPI Host driver 3.04.20
[    2.100693] AVX2 version of gcm_enc/dec engaged.
[    2.134516] AES CTR mode by8 optimization enabled
[    2.286734] input: ImExPS/2 Generic Explorer Mouse as /devices/platform/i8042/serio1/input/input4
[    3.107179] e1000 0000:00:03.0 eth0: (PCI:33MHz:32-bit) 02:3b:2b:44:38:80
[    3.109362] e1000 0000:00:03.0 eth0: Intel(R) PRO/1000 Network Connection
[    3.112605] mptbase: ioc0: Initiating bringup
[    3.114747] e1000 0000:00:03.0 enp0s3: renamed from eth0
[    3.295930] ioc0: LSI53C1030 A0: Capabilities={Initiator}
[    6.240784] scsi host2: ioc0: LSI53C1030 A0, FwRev=00000000h, Ports=1, MaxQ=256, IRQ=20
[    7.288604] scsi 2:0:0:0: Direct-Access     VBOX     HARDDISK         1.0  PQ: 0 ANSI: 5
[    7.293406] scsi target2:0:0: Beginning Domain Validation
[    7.299075] scsi target2:0:0: Domain Validation skipping write tests
[    7.302021] scsi target2:0:0: Ending Domain Validation
[    7.314824] scsi target2:0:0: asynchronous
[    7.317891] scsi 2:0:1:0: Direct-Access     VBOX     HARDDISK         1.0  PQ: 0 ANSI: 5
[    7.320750] scsi target2:0:1: Beginning Domain Validation
[    7.324906] scsi target2:0:1: Domain Validation skipping write tests
[    7.326671] scsi target2:0:1: Ending Domain Validation
[    7.328270] scsi target2:0:1: asynchronous
[    7.337291] sd 2:0:0:0: Attached scsi generic sg0 type 0
[    7.339207] sd 2:0:0:0: [sda] 20971520 512-byte logical blocks: (10.7 GB/10.0 GiB)
[    7.341649] sd 2:0:1:0: Attached scsi generic sg1 type 0
[    7.343302] sd 2:0:1:0: [sdb] 20480 512-byte logical blocks: (10.5 MB/10.0 MiB)
[    7.343745] sd 2:0:0:0: [sda] Write Protect is off
[    7.343907] sd 2:0:0:0: [sda] Incomplete mode parameter data
[    7.343909] sd 2:0:0:0: [sda] Assuming drive cache: write through
[    7.349219]  sda: sda1
[    7.350590] sd 2:0:0:0: [sda] Attached SCSI disk
[    7.354438] sd 2:0:1:0: [sdb] Write Protect is off
[    7.356821] sd 2:0:1:0: [sdb] Incomplete mode parameter data
[    7.358550] sd 2:0:1:0: [sdb] Assuming drive cache: write through
[    7.364721] sd 2:0:1:0: [sdb] Attached SCSI disk
Begin: Loading essential drivers ... [    8.730024] md: linear personality registered for level -1
[    8.734890] md: multipath personality registered for level -4
[    8.739757] md: raid0 personality registered for level 0
[    8.746141] md: raid1 personality registered for level 1
[    8.819361] raid6: sse2x1   gen()  8920 MB/s
[    8.887179] raid6: sse2x1   xor()  6794 MB/s
[    8.955229] raid6: sse2x2   gen() 11334 MB/s
[    9.023548] raid6: sse2x2   xor()  7451 MB/s
[    9.091262] raid6: sse2x4   gen() 12932 MB/s
[    9.159297] raid6: sse2x4   xor()  7894 MB/s
[    9.227209] raid6: avx2x1   gen() 16477 MB/s
[    9.295009] raid6: avx2x2   gen() 18993 MB/s
[    9.363089] raid6: avx2x4   gen() 10241 MB/s
[    9.365498] raid6: using algorithm avx2x2 gen() 18993 MB/s
[    9.368666] raid6: using avx2x2 recovery algorithm
[    9.374396] xor: automatically using best checksumming function:
[    9.417387]    avx       : 32360.000 MB/sec
[    9.420854] async_tx: api initialized (async)
[    9.434403] md: raid6 personality registered for level 6
[    9.436461] md: raid5 personality registered for level 5
[    9.438301] md: raid4 personality registered for level 4
[    9.448906] md: raid10 personality registered for level 10
done.
Begin: Running /scripts/init-premount ... done.
Begin: Mounting root file system ... Begin: Running /scripts/local-top ... done.
Begin: Running /scripts/local-premount ... [    9.488152] Btrfs loaded
Scanning for Btrfs filesystems
done.
Warning: fsck not present, so skipping root file system
[    9.548937] EXT4-fs (sda1): INFO: recovery required on readonly filesystem
[    9.551107] EXT4-fs (sda1): write access will be enabled during recovery
[    9.607905] EXT4-fs (sda1): recovery complete
[    9.610804] EXT4-fs (sda1): mounted filesystem with ordered data mode. Opts: (null)
done.
Begin: Running /scripts/local-bottom ... done.
Begin: Running /scripts/init-bottom ... done.
[    9.909003] systemd[1]: systemd 229 running in system mode. (+PAM +AUDIT +SELINUX +IMA +APPARMOR +SMACK +SYSVINIT +UTMP +LIBCRYPTSETUP +GCRYPT +GNUTLS +ACL +XZ -LZ4 +SECCOMP +BLKID +ELFUTILS +KMOD -IDN)
[    9.915391] systemd[1]: Detected virtualization oracle.
[    9.919031] systemd[1]: Detected architecture x86-64.

Welcome to [1mUbuntu 16.04.7 LTS[0m!

[    9.926415] systemd[1]: Set hostname to <ubu-main>.
[   10.386738] systemd[1]: Listening on Journal Socket.
[[0;32m  OK  [0m] Listening on Journal Socket.
[   10.390229] systemd[1]: Listening on Syslog Socket.
[[0;32m  OK  [0m] Listening on Syslog Socket.
[   10.393098] systemd[1]: Started Forward Password Requests to Wall Directory Watch.
[[0;32m  OK  [0m] Started Forward Password Requests to Wall Directory Watch.
[   10.397885] systemd[1]: Listening on Device-mapper event daemon FIFOs.
[[0;32m  OK  [0m] Listening on Device-mapper event daemon FIFOs.
[   10.407859] systemd[1]: Listening on udev Kernel Socket.
[[0;32m  OK  [0m] Listening on udev Kernel Socket.
[   10.412055] systemd[1]: Reached target Swap.
[[0;32m  OK  [0m] Reached target Swap.
[   10.415098] systemd[1]: Listening on Journal Socket (/dev/log).
[[0;32m  OK  [0m] Listening on Journal Socket (/dev/log).
[   10.422014] systemd[1]: Listening on LVM2 metadata daemon socket.
[[0;32m  OK  [0m] Listening on LVM2 metadata daemon socket.
[   10.425674] systemd[1]: Reached target User and Group Name Lookups.
[[0;32m  OK  [0m] Reached target User and Group Name Lookups.
[   10.429723] systemd[1]: Started Trigger resolvconf update for networkd DNS.
[[0;32m  OK  [0m] Started Trigger resolvconf update for networkd DNS.
[   10.435773] systemd[1]: Set up automount Arbitrary Executable File Formats File System Automount Point.
[[0;32m  OK  [0m] Set up automount Arbitrary Executab...ats File System Automount Point.
[   10.443275] systemd[1]: Created slice System Slice.
[[0;32m  OK  [0m] Created slice System Slice.
[   10.459417] systemd[1]: Starting Remount Root and Kernel File Systems...
         Starting Remount Root and Kernel File Systems...
[   10.470106] systemd[1]: Mounting POSIX Message Queue File System...
         Mounting POSIX Message Queue File System...
[   10.480365] systemd[1]: Starting Uncomplicated firewall...
         Starting Uncomplicated firewall...
[   10.489147] systemd[1]: Starting Set console keymap...
         Starting Set console keymap...
[   10.498394] systemd[1]: Mounting Huge Pages File System...
         Mounting Huge Pages File System...
[   10.508210] systemd[1]: Starting Monitoring of LVM2 mirrors, snapshots etc. using dmeventd or progress polling...
[   10.508946] EXT4-fs (sda1): re-mounted. Opts: (null)
         Starting Monitoring of LVM2 mirrors... dmeventd or progress polling...
[   10.536622] systemd[1]: Created slice User and Session Slice.
[[0;32m  OK  [0m] Created slice User and Session Slice.
[   10.545474] systemd[1]: Listening on Journal Audit Socket.
[[0;32m  OK  [0m] Listening on Journal Audit Socket.
[   10.571845] systemd[1]: Starting Journal Service...
         Starting Journal Service...
[   10.576116] systemd[1]: Starting Nameserver information manager...
         Starting Nameserver information manager...
[   10.582425] systemd[1]: Reached target System Time Synchronized.
[[0;32m  OK  [0m] Reached target System Time Synchronized.
[   10.591924] systemd[1]: Starting Load Kernel Modules...
         Starting Load Kernel Modules...
[   10.596574] systemd[1]: Listening on LVM2 poll daemon socket.
[[0;32m  OK  [0m] Listening on LVM2 poll daemon socket.
[   10.602940] systemd[1]: Created slice system-serial\x2dgetty.slice.
[[0;32m  OK  [0m] Created slice system-serial\x2dgetty.slice.
[   10.611162] systemd[1]: Starting Create list of required static device nodes for the current kernel...
         Starting Create list of required st... nodes for the current kernel...
[   10.623544] systemd[1]: Reached target Encrypted Volumes.
[[0;32m  OK  [[   10.625464] Loading iSCSI transport class v2.0-870.
0m] Reached target Encrypted Volumes.
[   10.628977] systemd[1]: Listening on /dev/initctl Compatibility Named Pipe.
[[0;32m  OK  [0m] Listening on /dev/initctl Compatibility Named Pipe.
[   10.633527] systemd[1]: Reached target Slices.
[[0;32m  OK  [0m] Reached target Slices.
[   10.647528] iscsi: registered transport (tcp)
[   10.655346] systemd[1]: Mounting Debug File System...
         Mounting Debug File System...
[   10.659762] systemd[1]: Listening on udev Control Socket.
[[0;32m  OK  [0m] Listening on udev Control Socket.
[   10.673168] systemd[1]: Mounted Debug File System.
[[0;32m  OK  [0m] Mounted Debug File System.
[   10.695573] systemd[1]: Mounted Huge Pages File System.
[[0;32m  OK  [0m] Mounted Huge Pages File System.
[   10.710873] iscsi: registered transport (iser)
[   10.712537] systemd[1]: Mounted POSIX Message Queue File System.
[[0;32m  OK  [0m] Mounted POSIX Message Queue File System.
[   10.716392] systemd[1]: Started Journal Service.
[[0;32m  OK  [0m] Started Journal Service.
[[0;32m  OK  [0m] Started Remount Root and Kernel File Systems.
[[0;32m  OK  [0m] Started Uncomplicated firewall.
[[0;32m  OK  [0m] Started Set console keymap.
[[0;32m  OK  [0m] Started Load Kernel Modules.
[[0;32m  OK  [0m] Started Create list of required sta...ce nodes for the current kernel.
[[0;32m  OK  [0m] Started Nameserver information manager.
[[0;32m  OK  [0m] Started LVM2 metadata daemon.
         Starting Create Static Device Nodes in /dev...
         Starting Apply Kernel Variables...
         Mounting FUSE Control File System...
         Starting udev Coldplug all Devices...
         Starting Load/Save Random Seed...
         Starting Flush Journal to Persistent Storage...
[[0;32m  OK  [0m] Mounted FUSE Control File System.
[[0;32m  OK  [0m] Started Apply Kernel Variables.
[[0;32m  OK  [0m] Started Load/Save Random Seed.
[[0;32m  OK  [0m] Started Create Static Device Nodes in /dev.
         Starting udev Kernel Device Manager...
[[0;32m  OK  [0m] Started Flush Journal to Persistent Storage.
[[0;32m  OK  [0m] Started udev Coldplug all Devices.
[[0;32m  OK  [0m] Started udev Kernel Device Manager.
[[0;32m  OK  [0m] Started Dispatch Password Requests to Console Directory Watch.
[[0;32m  OK  [0m] Started Monitoring of LVM2 mirrors,...ng dmeventd or progress polling.
[[0;32m  OK  [0m] Reached target Local File Systems (Pre).
[[0;32m  OK  [0m] Reached target Local File Systems.
         Starting Create Volatile Files and Directories...
         Starting Initial cloud-init job (pre-networking)...
         Starting Set console font and keymap...
         Starting Tell Plymouth To Write Out Runtime Data...
         Starting LSB: AppArmor initialization...
[[0;32m  OK  [0m] Started Create Volatile Files and Directories.
[[0;32m  OK  [0m] Started Tell Plymouth To Write Out Runtime Data.
         Starting Update UTMP about System Boot/Shutdown...
[[0;32m  OK  [0m] Started Update UTMP about System Boot/Shutdown.
[[0;32m  OK  [0m] Started LSB: AppArmor initialization.
[[0;32m  OK  [0m] Found device /dev/ttyS0.
[[0;32m  OK  [0m] Listening on Load/Save RF Kill Switch Status /dev/rfkill Watch.
         Starting Load AppArmor profiles managed internally by snapd...
[[0;32m  OK  [0m] Started Load AppArmor profiles managed internally by snapd.
[[0;32m  OK  [0m] Found device 82540EM Gigabit Ethern...r (PRO/1000 MT Desktop Adapter).
[[0;32m  OK  [0m] Started Set console font and keymap.
[[0;32m  OK  [0m] Created slice system-getty.slice.
[   12.629900] cloud-init[488]: Cloud-init v. 20.2-45-g5f7825e2-0ubuntu1~16.04.1 running 'init-local' at Mon, 10 Aug 2020 09:55:00 +0000. Up 12.06 seconds.
[[0;32m  OK  [0m] Started Initial cloud-init job (pre-networking).
[[0;32m  OK  [0m] Reached target Network (Pre).
[[0;32m  OK  [0m] Started ifup for enp0s3.
         Starting Raise network interfaces...
[[0;1;31mFAILED[0m] Failed to start Raise network interfaces.
See 'systemctl status networking.service' for details.
         Starting Initial cloud-init job (metadata service crawler)...
[[0;32m  OK  [0m] Reached target Network.
[   13.683350] cloud-init[1008]: Cloud-init v. 20.2-45-g5f7825e2-0ubuntu1~16.04.1 running 'init' at Mon, 10 Aug 2020 09:55:01 +0000. Up 13.24 seconds.
[   13.689580] cloud-init[1008]: ci-info: ++++++++++++++++++++++++++++++++++++++Net device info++++++++++++++++++++++++++++++++++++++
[   13.694896] cloud-init[1008]: ci-info: +--------+------+----------------------------+---------------+--------+-------------------+
[   13.704885] cloud-init[1008]: ci-info: | Device |  Up  |          Address           |      Mask     | Scope  |     Hw-Address    |
[   13.708261] cloud-init[1008]: ci-info: +--------+------+----------------------------+---------------+--------+-------------------+
[   13.712031] cloud-init[1008]: ci-info: | enp0s3 | True |         10.0.2.15          | 255.255.255.0 | global | 02:3b:2b:44:38:80 |
[   13.728914] cloud-init[1008]: ci-info: | enp0s3 | True | fe80::3b:2bff:fe44:3880/64 |       .       |  link  | 02:3b:2b:44:38:80 |
[   13.737499] cloud-init[1008]: ci-info: |   lo   | True |         127.0.0.1          |   255.0.0.0   |  host  |         .         |
[   13.742052] cloud-init[1008]: ci-info: |   lo   | True |          ::1/128           |       .       |  host  |         .         |
[   13.746361] cloud-init[1008]: ci-info: +--------+------+----------------------------+---------------+--------+-------------------+
[   13.749843] cloud-init[1008]: ci-info: +++++++++++++++++++++++++++Route IPv4 info++++++++++++++++++++++++++++
[   13.753626] cloud-init[1008]: ci-info: +-------+-------------+----------+---------------+-----------+-------+
[   13.756936] cloud-init[1008]: ci-info: | Route | Destination | Gateway  |    Genmask    | Interface | Flags |
[   13.760276] cloud-init[1008]: ci-info: +-------+-------------+----------+---------------+-----------+-------+
[   13.763811] cloud-init[1008]: ci-info: |   0   |   0.0.0.0   | 10.0.2.2 |    0.0.0.0    |   enp0s3  |   UG  |
[   13.767299] cloud-init[1008]: ci-info: |   1   |   10.0.2.0  | 0.0.0.0  | 255.255.255.0 |   enp0s3  |   U   |
[   13.770336] cloud-init[1008]: ci-info: +-------+-------------+----------+---------------+-----------+-------+
[   13.773921] cloud-init[1008]: ci-info: +++++++++++++++++++Route IPv6 info+++++++++++++++++++
[   13.785111] cloud-init[1008]: ci-info: +-------+-------------+---------+-----------+-------+
[   13.788127] cloud-init[1008]: ci-info: | Route | Destination | Gateway | Interface | Flags |
[   13.790528] cloud-init[1008]: ci-info: +-------+-------------+---------+-----------+-------+
[   13.793621] cloud-init[1008]: ci-info: |   0   |  fe80::/64  |    ::   |   enp0s3  |   U   |
[   13.796705] cloud-init[1008]: ci-info: |   3   |   ff00::/8  |    ::   |   enp0s3  |   U   |
[   13.801239] cloud-init[1008]: ci-info: +-------+-------------+---------+-----------+-------+
[[0;32m  OK  [0m] Started Initial cloud-init job (metadata service crawler).
[[0;32m  OK  [0m] Reached target System Initialization.
         Starting LXD - unix socket.
[[0;32m  OK  [0m] Started Daily Cleanup of Temporary Directories.
[[0;32m  OK  [0m] Listening on ACPID Listen Socket.
         Starting Socket activation for snappy daemon.
[[0;32m  OK  [0m] Listening on D-Bus System Message Bus Socket.
[[0;32m  OK  [0m] Started Message of the Day.
[[0;32m  OK  [0m] Listening on UUID daemon activation socket.
[[0;32m  OK  [0m] Started Daily apt download activities.
[[0;32m  OK  [0m] Started Daily apt upgrade and clean activities.
[[0;32m  OK  [0m] Reached target Timers.
[[0;32m  OK  [0m] Started ACPI Events Check.
[[0;32m  OK  [0m] Reached target Paths.
[[0;32m  OK  [0m] Reached target Cloud-config availability.
[[0;32m  OK  [0m] Reached target Network is Online.
         Starting iSCSI initiator daemon (iscsid)...
[[0;32m  OK  [0m] Listening on LXD - unix socket.
[[0;32m  OK  [0m] Listening on Socket activation for snappy daemon.
[[0;32m  OK  [0m] Reached target Sockets.
[[0;32m  OK  [0m] Reached target Basic System.
         Starting /etc/rc.local Compatibility...
[[0;32m  OK  [0m] Started ACPI event daemon.
[[0;32m  OK  [0m] Started FUSE filesystem for LXC.
[[0;32m  OK  [0m] Started Regular background program processing daemon.
         Starting LSB: Record successful boot for GRUB...
[[0;32m  OK  [0m] Started Deferred execution scheduler.
         Starting Virtualbox guest utils...
         Starting OpenBSD Secure Shell server...
         Starting System Logging Service...
         Starting Login Service...
[[0;32m  OK  [0m] Started D-Bus System Message Bus.
         Starting LXD - container startup/shutdown...
         Starting Snap Daemon...
         Starting Accounts Service...
         Starting A high performance web server and a reverse proxy server...
         Starting LSB: MD monitoring daemon...
[[0;32m  OK  [0m] Started System Logging Service.
[[0;32m  OK  [0m] Started /etc/rc.local Compatibility.
[[0;32m  OK  [0m] Started iSCSI initiator daemon (iscsid).
         Starting Login to default iSCSI targets...
[[0;32m  OK  [0m] Started Login Service.
[[0;32m  OK  [0m] Started Unattended Upgrades Shutdown.
[[0;32m  OK  [0m] Started OpenBSD Secure Shell server.
[[0;32m  OK  [0m] Started LSB: Record successful boot for GRUB.
[[0;32m  OK  [0m] Started LSB: MD monitoring daemon.
[[0;32m  OK  [0m] Started Login to default iSCSI targets.
[[0;32m  OK  [0m] Reached target Remote File Systems (Pre).
[[0;32m  OK  [0m] Reached target Remote File Systems.
         Starting LSB: daemon to balance interrupts for SMP systems...
         Starting Permit User Sessions...
         Starting LSB: Set the CPU Frequency Scaling governor to "ondemand"...
         Starting LSB: automatic crash report generation...
[[0;32m  OK  [0m] Started Permit User Sessions.
         Starting Hold until boot process finishes up...
         Starting Terminate Plymouth Boot Screen...
[[0;32m  OK  [0m] Started Hold until boot process finishes up.
[[0;32m  OK  [0m] Started Getty on tty1.
         Starting Set console scheme...
[[0;32m  OK  [0m] Started Serial Getty on ttyS0.
[[0;32m  OK  [0m] Reached target Login Prompts.
[[0;32m  OK  [0m] Started Terminate Plymouth Boot Screen.
[[0;32m  OK  [0m] Started Set console scheme.
         Starting Authenticate and Authorize Users to Run Privileged Tasks...
[[0;32m  OK  [0m] Started LSB: Set the CPU Frequency Scaling governor to "ondemand".
[[0;32m  OK  [0m] Started LSB: daemon to balance interrupts for SMP systems.
[[0;32m  OK  [0m] Started LSB: automatic crash report generation.
[[0;32m  OK  [0m] Started Authenticate and Authorize Users to Run Privileged Tasks.
[[0;32m  OK  [0m] Started Accounts Service.
[[0;32m  OK  [0m] Started A high performance web server and a reverse proxy server.
[[0;32m  OK  [0m] Started LXD - container startup/shutdown.
[[0;32m  OK  [0m] Started Virtualbox guest utils.
[[0;32m  OK  [0m] Started Snap Daemon.
         Starting Wait until snapd is fully seeded...
[[0;32m  OK  [0m] Started Wait until snapd is fully seeded.
         Starting Apply the settings specified in cloud-config...
[[0;32m  OK  [0m] Reached target Multi-User System.
[[0;32m  OK  [0m] Reached target Graphical Interface.
         Starting Update UTMP about System Runlevel Changes...
[[0;32m  OK  [0m] Started Update UTMP about System Runlevel Changes.
[   15.372798] cloud-init[1293]: Cloud-init v. 20.2-45-g5f7825e2-0ubuntu1~16.04.1 running 'modules:config' at Mon, 10 Aug 2020 09:55:03 +0000. Up 15.25 seconds.
[[0;32m  OK  [0m] Started Apply the settings specified in cloud-config.
         Starting Execute cloud user/final scripts...
[   15.876345] cloud-init[1309]: Cloud-init v. 20.2-45-g5f7825e2-0ubuntu1~16.04.1 running 'modules:final' at Mon, 10 Aug 2020 09:55:03 +0000. Up 15.72 seconds.
[   15.881686] cloud-init[1309]: Cloud-init v. 20.2-45-g5f7825e2-0ubuntu1~16.04.1 finished at Mon, 10 Aug 2020 09:55:04 +0000. Datasource DataSourceNoCloud [seed=/dev/sdb][dsmode=net].  Up 15.86 seconds
[[0;32m  OK  [0m] Started Execute cloud user/final scripts.
[[0;32m  OK  [0m] Reached target Cloud-init target.

Ubuntu 16.04.7 LTS ubu-main ttyS0

ubu-main login: 